<?xml version="1.0" encoding="utf-8"?><testsuites name="pytest tests"><testsuite name="pytest" errors="0" failures="0" skipped="0" tests="10" time="3.426" timestamp="2026-09-12T11:33:52.482944+00:00" hostname="agent-env-a742f6d0-c484-4d9c-a611-b5110100180b"><testcase classname="tests.test_payments_and_batch.TestSandboxCheckout" name="test_create_order_returns_checkout_url" time="0.627" /><testcase classname="tests.test_payments_and_batch.TestPaymentProviders" name="test_provider_list_masks_secrets" time="0.583" /><testcase classname="tests.test_payments_and_batch.TestPaymentProviders" name="test_payment_config_public" time="0.155" /><testcase classname="tests.test_payments_and_batch.TestSandboxCheckout" name="test_full_success_flow_creates_student" time="0.646" /><testcase classname="tests.test_payments_and_batch.TestPaymentProviders" name="test_update_provider_masked_value_ignored" time="0.250" /><testcase classname="tests.test_payments_and_batch.TestPaymentProviders" name="test_update_provider_toggle_priority" time="0.345" /><testcase classname="tests.test_payments_and_batch.TestSandboxCheckout" name="test_fail_flow" time="0.526" /><testcase classname="tests.test_payments_and_batch.TestStudentPaidAmount" name="test_create_student_with_paid_amount" time="0.655" /><testcase classname="tests.test_payments_and_batch.TestSandboxCheckout" name="test_missing_ref_404" time="0.116" /><testcase classname="tests.test_payments_and_batch.TestBatchExpensesFinancials" name="test_expense_flow_reflects_in_financials" time="0.984" /></testsuite></testsuites>