<?xml version="1.0" encoding="utf-8"?><testsuites name="pytest tests"><testsuite name="pytest" errors="0" failures="0" skipped="0" tests="39" time="6.940" timestamp="2026-08-18T13:05:22.675931+00:00" hostname="agent-env-a742f6d0-c484-4d9c-a611-b5110100180b"><testcase classname="tests.backend_test.TestAuth" name="test_login_wrong" time="0.702" /><testcase classname="tests.backend_test.TestPublic" name="test_public_get[/settings]" time="0.384" /><testcase classname="tests.backend_test.TestPublic" name="test_public_get[/courses]" time="0.304" /><testcase classname="tests.backend_test.TestPublic" name="test_public_get[/batches]" time="0.225" /><testcase classname="tests.backend_test.TestPublic" name="test_public_get[/trainers]" time="0.262" /><testcase classname="tests.backend_test.TestAuth" name="test_me" time="0.699" /><testcase classname="tests.backend_test.TestPublic" name="test_public_get[/testimonials]" time="0.155" /><testcase classname="tests.backend_test.TestPublic" name="test_public_get[/faqs]" time="0.170" /><testcase classname="tests.backend_test.TestAuth" name="test_me_unauth" time="0.342" /><testcase classname="tests.backend_test.TestPublic" name="test_public_get[/blog]" time="0.185" /><testcase classname="tests.backend_test.TestPublic" name="test_public_get[/gallery]" time="0.237" /><testcase classname="tests.backend_test.TestAuth" name="test_forgot" time="0.198" /><testcase classname="tests.backend_test.TestPublic" name="test_public_get[/videos]" time="0.159" /><testcase classname="tests.backend_test.TestEnquiry" name="test_submit_success" time="0.352" /><testcase classname="tests.backend_test.TestPublic" name="test_public_get[/events]" time="0.170" /><testcase classname="tests.backend_test.TestPublic" name="test_public_get[/placements]" time="0.171" /><testcase classname="tests.backend_test.TestEnquiry" name="test_invalid_mobile" time="0.194" /><testcase classname="tests.backend_test.TestPublic" name="test_public_get[/theme/active]" time="0.194" /><testcase classname="tests.backend_test.TestEnquiry" name="test_missing_consent" time="0.171" /><testcase classname="tests.backend_test.TestPublic" name="test_courses_have_data" time="0.251" /><testcase classname="tests.backend_test.TestEnquiry" name="test_invalid_email" time="0.180" /><testcase classname="tests.backend_test.TestAdminEnquiries" name="test_list" time="0.171" /><testcase classname="tests.backend_test.TestPublic" name="test_course_by_slug" time="0.342" /><testcase classname="tests.backend_test.TestAdminEnquiries" name="test_search" time="0.158" /><testcase classname="tests.backend_test.TestAdminEnquiries" name="test_update_status_and_note" time="0.919" /><testcase classname="tests.backend_test.TestPublic" name="test_course_404" time="0.209" /><testcase classname="tests.backend_test.TestAdminCRUD" name="test_faq_full_cycle" time="1.150" /><testcase classname="tests.backend_test.TestAdminEnquiries" name="test_export" time="0.196" /><testcase classname="tests.backend_test.TestUsers" name="test_list" time="0.201" /><testcase classname="tests.backend_test.TestUsers" name="test_create_duplicate" time="0.155" /><testcase classname="tests.backend_test.TestAdminCRUD" name="test_course_create_generates_slug" time="0.679" /><testcase classname="tests.backend_test.TestUsers" name="test_create_and_delete_user" time="0.597" /><testcase classname="tests.backend_test.TestContact" name="test_submit" time="0.194" /><testcase classname="tests.backend_test.TestAdminCRUD" name="test_unknown_resource" time="0.173" /><testcase classname="tests.backend_test.TestAdminCRUD" name="test_unauth" time="0.169" /><testcase classname="tests.backend_test.TestContact" name="test_admin_list" time="0.205" /><testcase classname="tests.backend_test.TestStats" name="test_stats" time="0.176" /><testcase classname="tests.backend_test.TestSettings" name="test_settings_get_and_update" time="0.776" /><testcase classname="tests.backend_test" name="test_zzz_cleanup_enquiries" time="0.374" /></testsuite></testsuites>