<?xml version="1.0" encoding="utf-8"?><testsuites name="pytest tests"><testsuite name="pytest" errors="0" failures="0" skipped="0" tests="9" time="6.942" timestamp="2026-09-22T15:04:20.623407+00:00" hostname="agent-env-a742f6d0-c484-4d9c-a611-b5110100180b"><testcase classname="tests.test_quiz_certificate" name="test_quiz_get_requires_token" time="1.059" /><testcase classname="tests.test_quiz_certificate" name="test_quiz_forbidden_when_locked" time="0.382" /><testcase classname="tests.test_quiz_certificate" name="test_quiz_forbidden_with_admin_token" time="0.635" /><testcase classname="tests.test_quiz_certificate" name="test_full_quiz_pass_and_certificate_flow" time="3.365" /><testcase classname="tests.test_quiz_certificate" name="test_internship_certificate_create_and_download" time="0.474" /><testcase classname="tests.test_quiz_certificate" name="test_student_cannot_create_internship_certificate" time="0.157" /><testcase classname="tests.test_quiz_certificate" name="test_student_cannot_grant_entitlements" time="0.149" /><testcase classname="tests.test_quiz_certificate" name="test_student_cannot_read_admin_students_list" time="0.147" /><testcase classname="tests.test_quiz_certificate" name="test_profile_immutable_fields" time="0.445" /></testsuite></testsuites>