<?xml version="1.0" encoding="utf-8"?><testsuites name="pytest tests"><testsuite name="pytest" errors="0" failures="0" skipped="0" tests="17" time="14.939" timestamp="2026-09-22T12:07:32.290876+00:00" hostname="agent-env-a742f6d0-c484-4d9c-a611-b5110100180b"><testcase classname="tests.test_student_portal" name="test_student_login_wrong_password" time="0.454" /><testcase classname="tests.test_student_portal" name="test_student_login_via_email" time="0.366" /><testcase classname="tests.test_student_portal" name="test_dashboard_requires_token" time="0.122" /><testcase classname="tests.test_student_portal" name="test_dashboard_forbidden_with_admin_token" time="0.471" /><testcase classname="tests.test_student_portal" name="test_locked_resource_403" time="0.640" /><testcase classname="tests.test_student_portal" name="test_granted_resource_200" time="0.339" /><testcase classname="tests.test_student_portal" name="test_dashboard_payload" time="0.166" /><testcase classname="tests.test_student_portal" name="test_profile_update_persists" time="0.258" /><testcase classname="tests.test_student_portal" name="test_document_upload_view_delete" time="0.802" /><testcase classname="tests.test_student_portal" name="test_admin_grant_revoke_reflects_in_student" time="1.105" /><testcase classname="tests.test_student_portal" name="test_admin_learning_page" time="0.125" /><testcase classname="tests.test_student_portal" name="test_grant_all_reflects" time="5.925" /><testcase classname="tests.test_student_portal" name="test_admin_set_password_then_login_and_restore" time="1.885" /><testcase classname="tests.test_student_portal" name="test_admin_set_password_too_short" time="0.125" /><testcase classname="tests.test_student_portal" name="test_activity_log_captures_events" time="0.576" /><testcase classname="tests.test_student_portal" name="test_admin_create_learning_resource" time="0.505" /><testcase classname="tests.test_student_portal" name="test_mark_complete_bumps_progress" time="0.993" /></testsuite></testsuites>