<?xml version="1.0" encoding="utf-8"?><testsuites name="pytest tests"><testsuite name="pytest" errors="0" failures="1" skipped="0" tests="16" time="2.488" timestamp="2026-09-12T13:45:31.207306+00:00" hostname="agent-env-a742f6d0-c484-4d9c-a611-b5110100180b"><testcase classname="tests.test_technologies.TestRegressionSmoke" name="test_public_endpoints[/courses]" time="0.269" /><testcase classname="tests.test_technologies.TestRegressionSmoke" name="test_public_endpoints[/batches]" time="0.233" /><testcase classname="tests.test_technologies.TestAdminTechCRUD" name="test_admin_list" time="0.589" /><testcase classname="tests.test_technologies.TestRegressionSmoke" name="test_public_endpoints[/students]" time="0.069"><failure message="AssertionError: /students -&gt; 404&#10;assert 404 == 200&#10; +  where 404 = &lt;Response [404]&gt;.status_code">backend/tests/test_technologies.py:207: in test_public_endpoints
    assert r.status_code == 200, f"{path} -&gt; {r.status_code}"
E   AssertionError: /students -&gt; 404
E   assert 404 == 200
E    +  where 404 = &lt;Response [404]&gt;.status_code</failure></testcase><testcase classname="tests.test_technologies.TestAdminTechCRUD" name="test_create_tech" time="0.073" /><testcase classname="tests.test_technologies.TestRegressionSmoke" name="test_public_endpoints[/placements]" time="0.066" /><testcase classname="tests.test_technologies.TestRegressionSmoke" name="test_public_endpoints[/settings]" time="0.072" /><testcase classname="tests.test_technologies.TestAdminTechCRUD" name="test_get_created_in_list" time="0.077" /><testcase classname="tests.test_technologies.TestPublicTechnologies" name="test_public_technologies_shape" time="0.072" /><testcase classname="tests.test_technologies.TestAdminTechCRUD" name="test_update_tech" time="0.198" /><testcase classname="tests.test_technologies.TestPublicTechnologies" name="test_public_only_active_and_day_filter" time="0.072" /><testcase classname="tests.test_technologies.TestPublicTechnologies" name="test_public_no_mongo_id" time="0.063" /><testcase classname="tests.test_technologies.TestAdminTechCRUD" name="test_deactivate_tech_not_in_public" time="0.520" /><testcase classname="tests.test_technologies.TestPresentationSettings" name="test_update_presentation_and_persist" time="0.571" /><testcase classname="tests.test_technologies.TestAdminTechCRUD" name="test_reorder" time="0.411" /><testcase classname="tests.test_technologies.TestAdminTechCRUD" name="test_delete_tech" time="0.135" /></testsuite></testsuites>